build/app/outputs/mapping/release/seeds.txt
com.sixamtech.stack_food.MainActivity
com.sixamtech.stack_food.MainActivity: MainActivity()
...
com.pichillilorenzo.flutter_inappwebview.R$layout: int notification_template_custom_big
com.dexterous.flutterlocalnotifications.models.NotificationDetails: java.lang.String TAG
com.pichillilorenzo.flutter_inappwebview.R$style: int Base_Widget_AppCompat_ActionButton_Overflow
com.pichillilorenzo.flutter_inappwebview.R$styleable: int AppCompatTheme_textAppearanceSearchResultTitle
com.dexterous.flutterlocalnotifications.models.NotificationDetails: java.lang.String timeZoneName
com.pichillilorenzo.flutter_inappwebview.R$style: int TextAppearance_AppCompat_Widget_ActionMode_Title
com.pichillilorenzo.flutter_inappwebview.R$attr: int actionBarTabTextStyle
com.pichillilorenzo.flutter_inappwebview.chrome_custom_tabs.ChromeCustomTabsActivity: androidx.browser.customtabs.CustomTabsIntent$Builder builder
com.pichillilorenzo.flutter_inappwebview.R$style: int Theme_AppCompat_DayNight_DarkActionBar
androidx.core.content.FileProvider: androidx.core.content.FileProvider$PathStrategy mStrategy
com.pichillilorenzo.flutter_inappwebview.R$drawable: int abc_text_select_handle_right_mtrl
com.google.crypto.tink.proto.HmacParams: com.google.crypto.tink.proto.HmacParams DEFAULT_INSTANCE
com.pichillilorenzo.flutter_inappwebview.InAppWebViewMethodHandler$6: com.pichillilorenzo.flutter_inappwebview.InAppWebViewMethodHandler this$0
com.google.crypto.tink.proto.AesCmacParams: int TAG_SIZE_FIELD_NUMBER
com.pichillilorenzo.flutter_inappwebview.R$color: int error_color_material_light
com.pichillilorenzo.flutter_inappwebview.R$attr: int submitBackground
com.pichillilorenzo.flutter_inappwebview.R$style: int ThemeOverlay_AppCompat_ActionBar
com.pichillilorenzo.flutter_inappwebview.R$drawable: int abc_popup_background_mtrl_mult
com.dexterous.flutterlocalnotifications.models.NotificationDetails: java.lang.String COLORIZED
com.pichillilorenzo.flutter_inappwebview.R$style: int Base_Widget_AppCompat_ButtonBar_AlertDialog
com.pichillilorenzo.flutter_inappwebview.R$attr: int showText
com.pichillilorenzo.flutter_inappwebview.in_app_browser.InAppBrowserActivity: java.lang.String id
com.pichillilorenzo.flutter_inappwebview.in_app_webview.InAppWebViewChromeClient$3: android.webkit.JsResult val$result
com.pichillilorenzo.flutter_inappwebview.R$styleable: int SearchView_android_imeOptions
com.dexterous.flutterlocalnotifications.models.IconSource: com.dexterous.flutterlocalnotifications.models.IconSource BitmapFilePath
com.pichillilorenzo.flutter_inappwebview.R$color: int foreground_material_dark
com.pichillilorenzo.flutter_inappwebview.R$dimen: int abc_dialog_fixed_height_major
com.pichillilorenzo.flutter_inappwebview.pull_to_refresh.PullToRefreshLayout$1: com.pichillilorenzo.flutter_inappwebview.pull_to_refresh.PullToRefreshLayout this$0
com.pichillilorenzo.flutter_inappwebview.R$attr: int clearTop
com.dexterous.flutterlocalnotifications.models.NotificationAction: java.lang.String TITLE
com.dexterous.flutterlocalnotifications.models.NotificationChannelGroupDetails: java.lang.String ID
com.dexterous.flutterlocalnotifications.models.NotificationAction: java.util.List actionInputs
com.google.android.gms.internal.auth.zzet: com.google.android.gms.internal.auth.zzep zzb
com.pichillilorenzo.flutter_inappwebview.R$styleable: int ActionBar_customNavigationLayout
com.pichillilorenzo.flutter_inappwebview.R$style: int Platform_ThemeOverlay_AppCompat_Light
com.dexterous.flutterlocalnotifications.models.NotificationChannelDetails: java.lang.String name
com.pichillilorenzo.flutter_inappwebview.InAppWebViewMethodHandler$1: com.pichillilorenzo.flutter_inappwebview.InAppWebViewMethodHandler this$0
com.pichillilorenzo.flutter_inappwebview.R$styleable: int AppCompatTextView_lastBaselineToBottomHeight
com.pichillilorenzo.flutter_inappwebview.R$id: int accessibility_custom_action_31
com.pichillilorenzo.flutter_inappwebview.R$attr: int radioButtonStyle
com.dexterous.flutterlocalnotifications.models.NotificationDetails: java.lang.String KEY