build/app/outputs/mapping/release/usage.txt
com.sixamtech.stack_food.BuildConfig
com.sixamtech.stack_food.R$anim
com.sixamtech.stack_food.R$animator
com.sixamtech.stack_food.R$attr
com.sixamtech.stack_food.R$bool
com.sixamtech.stack_food.R$color
com.sixamtech.stack_food.R$dimen
com.sixamtech.stack_food.R$drawable
com.sixamtech.stack_food.R$id
com.sixamtech.stack_food.R$integer
com.sixamtech.stack_food.R$interpolator
com.sixamtech.stack_food.R$layout
com.sixamtech.stack_food.R$menu
com.sixamtech.stack_food.R$mipmap
com.sixamtech.stack_food.R$raw
com.sixamtech.stack_food.R$string
com.sixamtech.stack_food.R$style
com.sixamtech.stack_food.R$styleable
com.sixamtech.stack_food.R$xml
com.sixamtech.stack_food.R
...
com.google.android.gms.internal.fido.zzg
com.google.android.gms.internal.fido.zzh
com.google.android.gms.internal.fido.zzi
com.google.android.gms.internal.fido.zzj
com.google.android.gms.internal.fido.zzk
com.google.android.gms.internal.fido.zzl
com.google.android.gms.internal.fido.zzm
com.google.android.gms.internal.fido.zzn
com.google.android.gms.internal.fido.zzo
com.google.android.gms.internal.fido.zzp
com.google.android.gms.internal.fido.zzq
com.google.android.gms.internal.fido.zzr
com.google.android.gms.internal.fido.zzs
com.google.android.gms.internal.fido.zzt
com.google.android.gms.internal.fido.zzu
com.google.android.gms.internal.fido.zzv
com.google.android.gms.internal.fido.zzw
com.google.android.gms.internal.fido.zzx
com.google.android.gms.internal.fido.zzy
com.google.android.gms.internal.fido.zzz
com.google.android.gms.internal.location.zzaa
com.google.android.gms.internal.location.zzab
com.google.android.gms.internal.location.zzac
com.google.android.gms.internal.location.zzad
com.google.android.gms.internal.location.zzae
com.google.android.gms.internal.location.zzaf
com.google.android.gms.internal.location.zzag
com.google.android.gms.internal.location.zzah
com.google.android.gms.internal.location.zzai
com.google.android.gms.internal.location.zzaj
com.google.android.gms.internal.location.zzak
com.google.android.gms.internal.location.zzal
com.google.android.gms.internal.location.zzam
com.google.android.gms.internal.location.zzan
com.google.android.gms.internal.location.zzao
com.google.android.gms.internal.location.zzap
com.google.android.gms.internal.location.zzaq
com.google.android.gms.internal.location.zzar
com.google.android.gms.internal.location.zzas
com.google.android.gms.internal.location.zzat
com.google.android.gms.internal.location.zzau:
    public final com.google.android.gms.common.api.PendingResult flushLocations(com.google.android.gms.common.api.GoogleApiClient)
    public final android.location.Location getLastLocation(com.google.android.gms.common.api.GoogleApiClient)
    public final com.google.android.gms.location.LocationAvailability getLocationAvailability(com.google.android.gms.common.api.GoogleApiClient)
    public final com.google.android.gms.common.api.PendingResult removeLocationUpdates(com.google.android.gms.common.api.GoogleApiClient,android.app.PendingIntent)
    public final com.google.android.gms.common.api.PendingResult removeLocationUpdates(com.google.android.gms.common.api.GoogleApiClient,com.google.android.gms.location.LocationCallback)
    public final com.google.android.gms.common.api.PendingResult removeLocationUpdates(com.google.android.gms.common.api.GoogleApiClient,com.google.android.gms.location.LocationListener)
    public final com.google.android.gms.common.api.PendingResult requestLocationUpdates(com.google.android.gms.common.api.GoogleApiClient,com.google.android.gms.location.LocationRequest,android.app.PendingIntent)
    public final com.google.android.gms.common.api.PendingResult requestLocationUpdates(com.google.android.gms.common.api.GoogleApiClient,com.google.android.gms.location.LocationRequest,com.google.android.gms.location.LocationCallback,android.os.Looper)
com.google.android.gms.internal.location.zzav
com.google.android.gms.internal.location.zzaw
com.google.android.gms.internal.location.zzaz
com.google.android.gms.internal.location.zzba
com.google.android.gms.internal.location.zzbb
com.google.android.gms.internal.location.zzbd
com.google.android.gms.internal.location.zzbf
com.google.android.gms.internal.location.zzbg
com.google.android.gms.internal.location.zzbh
com.google.android.gms.internal.location.zzbi
com.google.android.gms.internal.location.zzbj
com.google.android.gms.internal.location.zzbl